Added Component: Designator=C1(RAD-0.3)
Added Component: Designator=C2(RAD-0.3)
Added Component: Designator=C3(POLAR0.8)
Added Component: Designator=C4(POLAR0.8)
Added Component: Designator=C5(RAD-0.3)
Added Component: Designator=C6(RAD-0.3)
Added Component: Designator=C7(RAD-0.3)
Added Component: Designator=C8(POLAR0.8)
Added Component: Designator=C9(RAD-0.3)
Added Component: Designator=DS?(LED-0)
Added Component: Designator=JP1(HDR1X2H)
Added Component: Designator=JP2(HDR1X2H)
Added Component: Designator=JP3(HDR1X2H)
Added Component: Designator=R1(AXIAL-0.3)
Added Component: Designator=R2(AXIAL-0.3)
Added Component: Designator=R3(AXIAL-0.3)
Added Component: Designator=R4(AXIAL-0.3)
Added Component: Designator=R5(AXIAL-0.3)
Added Component: Designator=R6(AXIAL-0.3)
Added Component: Designator=R7(AXIAL-0.3)
Added Component: Designator=R8(VR2)
Added Component: Designator=R9(AXIAL-0.3)
Added Component: Designator=R10(AXIAL-0.3)
Added Component: Designator=R11(AXIAL-0.3)
Added Pin To Net: NetName=GND Pin=C3-2
Added Pin To Net: NetName=GND Pin=C4-2
Added Pin To Net: NetName=GND Pin=JP1-2
Added Pin To Net: NetName=GND Pin=JP2-2
Added Pin To Net: NetName=GND Pin=JP3-2
Added Pin To Net: NetName=GND Pin=R3-1
Added Pin To Net: NetName=GND Pin=R7-1
Added Pin To Net: NetName=GND Pin=R10-1
Added Pin To Net: NetName=GND Pin=R11-1
Added Net: Name=GND
Added Pin To Net: NetName=NetC1_1 Pin=C1-1
Added Pin To Net: NetName=NetC1_1 Pin=JP1-1
Added Pin To Net: NetName=NetC1_1 Pin=R4-1
Added Net: Name=NetC1_1
Added Pin To Net: NetName=NetC1_2 Pin=C1-2
Added Pin To Net: NetName=NetC1_2 Pin=C2-1
Added Pin To Net: NetName=NetC1_2 Pin=R4-2
Added Net: Name=NetC1_2
Added Pin To Net: NetName=NetC2_2 Pin=C2-2
Added Pin To Net: NetName=NetC2_2 Pin=R2-1
Added Pin To Net: NetName=NetC2_2 Pin=R3-2
Added Net: Name=NetC2_2
Added Pin To Net: NetName=NetC3_1 Pin=C3-1
Added Pin To Net: NetName=NetC3_1 Pin=R1-2
Added Net: Name=NetC3_1
Added Pin To Net: NetName=NetC4_1 Pin=C4-1
Added Pin To Net: NetName=NetC4_1 Pin=R1-1
Added Pin To Net: NetName=NetC4_1 Pin=R2-2
Added Net: Name=NetC4_1
Added Pin To Net: NetName=NetC5_1 Pin=C5-1
Added Pin To Net: NetName=NetC5_1 Pin=C6-1
Added Pin To Net: NetName=NetC5_1 Pin=R5-1
Added Net: Name=NetC5_1
Added Pin To Net: NetName=NetC5_2 Pin=C5-2
Added Pin To Net: NetName=NetC5_2 Pin=C7-2
Added Pin To Net: NetName=NetC5_2 Pin=C8-1
Added Pin To Net: NetName=NetC5_2 Pin=R5-2
Added Net: Name=NetC5_2
Added Pin To Net: NetName=NetC6_2 Pin=C6-2
Added Pin To Net: NetName=NetC6_2 Pin=C7-1
Added Pin To Net: NetName=NetC6_2 Pin=R6-2
Added Pin To Net: NetName=NetC6_2 Pin=R8-1
Added Net: Name=NetC6_2
Added Pin To Net: NetName=NetC8_2 Pin=C8-2
Added Pin To Net: NetName=NetC8_2 Pin=C9-1
Added Pin To Net: NetName=NetC8_2 Pin=R9-2
Added Net: Name=NetC8_2
Added Pin To Net: NetName=NetC9_2 Pin=C9-2
Added Pin To Net: NetName=NetC9_2 Pin=JP2-1
Added Pin To Net: NetName=NetC9_2 Pin=R9-1
Added Pin To Net: NetName=NetC9_2 Pin=R10-2
Added Net: Name=NetC9_2
Added Pin To Net: NetName=NetDS?_2 Pin=DS?-2
Added Pin To Net: NetName=NetDS?_2 Pin=R11-2
Added Net: Name=NetDS?_2
Added Pin To Net: NetName=NetR6_1 Pin=R6-1
Added Pin To Net: NetName=NetR6_1 Pin=R7-2
Added Pin To Net: NetName=NetR6_1 Pin=R8-3
Added Net: Name=NetR6_1
Added Pin To Net: NetName=VCC Pin=DS?-1
Added Pin To Net: NetName=VCC Pin=JP3-1
Added Net: Name=VCC
Added Class: Name=wah
Added Room: Name=wah
